<?xml version="1.0" encoding="UTF-8"?>
<!-- Generated by org.testng.reporters.JUnitReportReporter -->
<testsuite hostname="srv007487" failures="0" tests="1" name="Testbase.Tbase" time="30.038" errors="0" timestamp="31 Jan 2022 18:17:25 GMT" skipped="0">
  <testcase classname="Testbase.Tbase" name="policy" time="30.038"/>
</testsuite> <!-- Testbase.Tbase -->
