<?xml version="1.0" encoding="UTF-8"?>
<!-- Generated by org.testng.reporters.JUnitReportReporter -->
<testsuite hostname="srv007487" failures="0" tests="1" name="Testbase.Tbase" time="34.870" errors="0" timestamp="01 Feb 2022 09:13:56 GMT" skipped="0">
  <testcase classname="Testbase.Tbase" name="policy" time="34.870"/>
</testsuite> <!-- Testbase.Tbase -->
